<?xml version="1.0" encoding="UTF-8"?>
<!-- Generated by org.testng.reporters.JUnitXMLReporter -->
<testsuite hostname="BLR131800121403" ignored="0" name="Default test" tests="6" failures="0" timestamp="03 Jan 2021 15:38:43 GMT" time="0.103" errors="0">
  <testcase name="loan" time="0.013" classname="Tutorial.DataSupport"/>
  <testcase name="loan2" time="0.001" classname="Tutorial.DataSupport"/>
  <testcase name="loan3" time="0.008" classname="Tutorial.DataSupport"/>
  <testcase name="loan3" time="0.008" classname="Tutorial.DataSupport"/>
  <testcase name="loan3" time="0.003" classname="Tutorial.DataSupport"/>
  <testcase name="loan4" time="0.01" classname="Tutorial.DataSupport"/>
</testsuite> <!-- Default test -->
