<?xml version="1.0" encoding="UTF-8"?>
<!-- Generated by org.testng.reporters.JUnitXMLReporter -->
<testsuite hostname="BLR131800121403" ignored="1" name="TestNG Example" tests="5" failures="1" timestamp="04 Jan 2021 12:53:13 GMT" time="0.074" errors="0">
  <testcase name="test1" time="0.013" classname="Tutorial.One"/>
  <testcase name="test2" time="0.003" classname="Tutorial.One"/>
  <testcase name="test3" time="0.007" classname="Tutorial.One">
    <failure type="java.lang.AssertionError" message="expected [true] but found [false]">
      <![CDATA[java.lang.AssertionError: expected [true] but found [false]
	at Tutorial.One.test3(One.java:26)
... Removed 29 stack frames]]>
    </failure>
  </testcase> <!-- test3 -->
  <testcase name="test10" time="0.002" classname="Tutorial.Two"/>
  <testcase name="test11" time="0.002" classname="Tutorial.Two"/>
  <testcase name="test12" time="0.0" classname="Tutorial.Two">
    <ignored/>
  </testcase> <!-- test12 -->
</testsuite> <!-- TestNG Example -->
