<?xml version="1.0" encoding="UTF-8"?>
<!-- Generated by org.testng.reporters.JUnitXMLReporter -->
<testsuite hostname="BLR131800121403" ignored="4" name="TestNG Example2" tests="5" failures="0" timestamp="04 Jan 2021 12:53:13 GMT" time="0.036" errors="0">
  <testcase name="test4" time="0.002" classname="Tutorial.Four"/>
  <testcase name="test6" time="0.003" classname="Tutorial.Four"/>
  <testcase name="X2est5" time="0.009" classname="Tutorial.Four"/>
  <testcase name="Xest5" time="0.002" classname="Tutorial.Four"/>
  <testcase name="test31" time="0.002" classname="Tutorial.Four"/>
  <testcase name="test32" time="0.0" classname="Tutorial.Four">
    <ignored/>
  </testcase> <!-- test32 -->
  <testcase name="test9" time="0.0" classname="Tutorial.Three">
    <ignored/>
  </testcase> <!-- test9 -->
  <testcase name="test8" time="0.0" classname="Tutorial.Three">
    <ignored/>
  </testcase> <!-- test8 -->
  <testcase name="test7" time="0.0" classname="Tutorial.Three">
    <ignored/>
  </testcase> <!-- test7 -->
</testsuite> <!-- TestNG Example2 -->
