<?xml version="1.0" encoding="UTF-8"?>
<testng-results skipped="0" failed="0" ignored="0" total="1" passed="1">
  <reporter-output>
  </reporter-output>
  <suite name="Default suite" duration-ms="9997" started-at="2021-03-08T17:05:10Z" finished-at="2021-03-08T17:05:20Z">
    <groups>
    </groups>
    <test name="Default test" duration-ms="9997" started-at="2021-03-08T17:05:10Z" finished-at="2021-03-08T17:05:20Z">
      <class name="Amazon.AppStore.LoginPage">
        <test-method status="PASS" signature="LoginPageFunc()[pri:0, instance:Amazon.AppStore.LoginPage@675d3402]" name="LoginPageFunc" duration-ms="9933" started-at="2021-03-08T22:35:10Z" finished-at="2021-03-08T22:35:20Z">
          <reporter-output>
          </reporter-output>
        </test-method> <!-- LoginPageFunc -->
      </class> <!-- Amazon.AppStore.LoginPage -->
    </test> <!-- Default test -->
  </suite> <!-- Default suite -->
</testng-results>
