<?xml version="1.0" encoding="UTF-8"?>
<!-- Generated by org.testng.reporters.JUnitXMLReporter -->
<testsuite hostname="BLR131800121403" ignored="0" name="Surefire test" tests="6" failures="0" timestamp="2021-01-09T23:20:40 IST" time="0.08" errors="0">
  <testcase name="Postman" time="0.007" classname="LearningMaven.MvnTutorial.APITest"/>
  <testcase name="Rest" time="0.005" classname="LearningMaven.MvnTutorial.APITest"/>
  <testcase name="Mobileapp" time="0.0" classname="LearningMaven.MvnTutorial.AppiumTest"/>
  <testcase name="UI" time="0.001" classname="LearningMaven.MvnTutorial.AppiumTest"/>
  <testcase name="Elemet" time="0.001" classname="LearningMaven.MvnTutorial.SelniumTest"/>
  <testcase name="webautomation" time="0.0" classname="LearningMaven.MvnTutorial.SelniumTest"/>
</testsuite> <!-- Surefire test -->
