<?xml version="1.0" encoding="UTF-8"?>
<!-- Generated by org.testng.reporters.JUnitXMLReporter -->
<testsuite hostname="BLR131800121403" ignored="0" name="Test" tests="4" failures="0" timestamp="2021-01-10T00:14:30 IST" time="0.072" errors="0">
  <testcase name="Postman" time="0.003" classname="LearningMaven.MvnTutorial.APITest"/>
  <testcase name="Rest" time="0.0" classname="LearningMaven.MvnTutorial.APITest"/>
  <testcase name="Mobileapp" time="0.0" classname="LearningMaven.MvnTutorial.AppiumTest"/>
  <testcase name="UI" time="0.0" classname="LearningMaven.MvnTutorial.AppiumTest"/>
</testsuite> <!-- Test -->
